<?xml version="1.0" encoding="UTF-8"?>
<robot generator="Robot 4.1.3 (Python 3.10.1 on win32)" generated="20220105 15:19:16.385" rpa="false" schemaversion="2">
<suite id="s1" name="CreateCharacters" source="C:\projects\marvel-api\CreateCharacters.robot">
<test id="s1-t1" name="Deve cadastrar um personagem">
<kw name="Create Dictionary" library="BuiltIn">
<var>&amp;{usuario}</var>
<arg>email=victorpvom@gmail.com</arg>
<doc>Creates and returns a dictionary based on the given ``items``.</doc>
<msg timestamp="20220105 15:19:17.019" level="INFO">&amp;{usuario} = { email=victorpvom@gmail.com }</msg>
<status status="PASS" starttime="20220105 15:19:17.019" endtime="20220105 15:19:17.019"/>
</kw>
<kw name="POST" library="RequestsLibrary">
<var>${response}</var>
<arg>http://marvel.qaninja.academy/accounts/</arg>
<arg>json=${usuario}</arg>
<doc>Sends a POST request.</doc>
<msg timestamp="20220105 15:19:23.997" level="INFO">POST Request : url=http://marvel.qaninja.academy/accounts/ 
 path_url=/accounts/ 
 headers={'User-Agent': 'python-requests/2.27.0', 'Accept-Encoding': 'gzip, deflate', 'Accept': '*/*', 'Connection': 'keep-alive', 'Content-Length': '33', 'Content-Type': 'application/json'} 
 body=b'{"email": "victorpvom@gmail.com"}' 
 </msg>
<msg timestamp="20220105 15:19:23.997" level="INFO">POST Response : url=http://marvel.qaninja.academy/accounts/ 
 status=200, reason=OK 
 headers={'Server': 'Cowboy', 'Connection': 'keep-alive', 'X-Powered-By': 'Express', 'Access-Control-Allow-Origin': '*', 'Content-Type': 'application/json; charset=utf-8', 'Content-Length': '41', 'Etag': 'W/"29-tzFcSsWaDiZMNOrlSoG6W6t4WqE"', 'Date': 'Wed, 05 Jan 2022 18:19:22 GMT', 'Via': '1.1 vegur'} 
 body={"client_key":"61d4ce151eac8b001656b0ff"} 
 </msg>
<msg timestamp="20220105 15:19:23.998" level="INFO">${response} = &lt;Response [200]&gt;</msg>
<status status="PASS" starttime="20220105 15:19:17.020" endtime="20220105 15:19:23.998"/>
</kw>
<kw name="Set Variable" library="BuiltIn">
<var>${client_key}</var>
<arg>${response.json()}[client_key]</arg>
<doc>Returns the given values which can then be assigned to a variables.</doc>
<msg timestamp="20220105 15:19:24.008" level="INFO">${client_key} = 61d4ce151eac8b001656b0ff</msg>
<status status="PASS" starttime="20220105 15:19:24.003" endtime="20220105 15:19:24.008"/>
</kw>
<kw name="Create Dictionary" library="BuiltIn">
<var>&amp;{headers}</var>
<arg>client_key=${client_key}</arg>
<doc>Creates and returns a dictionary based on the given ``items``.</doc>
<msg timestamp="20220105 15:19:24.011" level="INFO">&amp;{headers} = { client_key=61d4ce151eac8b001656b0ff }</msg>
<status status="PASS" starttime="20220105 15:19:24.009" endtime="20220105 15:19:24.011"/>
</kw>
<kw name="Factory Thanos" library="Thanos">
<var>&amp;{personagem}</var>
<msg timestamp="20220105 15:19:24.016" level="INFO">&amp;{personagem} = { name=Kristen Smith | aliases=Thanos | age=3000 | team=Ordem Negra | active=False }</msg>
<status status="PASS" starttime="20220105 15:19:24.013" endtime="20220105 15:19:24.016"/>
</kw>
<kw name="POST" library="RequestsLibrary">
<arg>http://marvel.qaninja.academy/characters/</arg>
<arg>json=${personagem}</arg>
<arg>headers=${headers}</arg>
<doc>Sends a POST request.</doc>
<msg timestamp="20220105 15:19:24.375" level="INFO">POST Request : url=http://marvel.qaninja.academy/characters/ 
 path_url=/characters/ 
 headers={'User-Agent': 'python-requests/2.27.0', 'Accept-Encoding': 'gzip, deflate', 'Accept': '*/*', 'Connection': 'keep-alive', 'client_key': '61d4ce151eac8b001656b0ff', 'Content-Length': '99', 'Content-Type': 'application/json'} 
 body=b'{"name": "Kristen Smith", "aliases": "Thanos", "age": 3000, "team": "Ordem Negra", "active": false}' 
 </msg>
<msg timestamp="20220105 15:19:24.375" level="INFO">POST Response : url=http://marvel.qaninja.academy/characters/ 
 status=200, reason=OK 
 headers={'Server': 'Cowboy', 'Connection': 'keep-alive', 'X-Powered-By': 'Express', 'Access-Control-Allow-Origin': '*', 'Content-Type': 'application/json; charset=utf-8', 'Content-Length': '158', 'Etag': 'W/"9e-WjkLzOscf+mnSVgL/UjdB/bo0gY"', 'Date': 'Wed, 05 Jan 2022 18:19:23 GMT', 'Via': '1.1 vegur'} 
 body={"_id":"61d5e12b27889900166f7db1","name":"Kristen Smith","age":3000,"aliases":"Thanos","team":"Ordem Negra","active":false,"owner":"61d4ce151eac8b001656b0ff"} 
 </msg>
<status status="PASS" starttime="20220105 15:19:24.019" endtime="20220105 15:19:24.376"/>
</kw>
<status status="PASS" starttime="20220105 15:19:17.018" endtime="20220105 15:19:24.377"/>
</test>
<doc>Suite de teste do cadastro de personagens na API da Marvel</doc>
<status status="PASS" starttime="20220105 15:19:16.386" endtime="20220105 15:19:24.383"/>
</suite>
<statistics>
<total>
<stat pass="1" fail="0" skip="0">All Tests</stat>
</total>
<tag>
</tag>
<suite>
<stat pass="1" fail="0" skip="0" id="s1" name="CreateCharacters">CreateCharacters</stat>
</suite>
</statistics>
<errors>
</errors>
</robot>
