<?xml version="1.0" encoding="UTF-8"?>
<robot generator="Robot 4.1.3 (Python 3.10.1 on win32)" generated="20220109 16:40:21.029" rpa="false" schemaversion="2">
<suite id="s1" name="CreateCharacters" source="C:\projects\Robot-Framework-API\specs\CreateCharacters.robot">
<kw name="Super Setup" library="Base" type="SETUP">
<arg>victorpvom@gmail.com</arg>
<kw name="Set Client Key" library="Base">
<arg>${email}</arg>
<kw name="Create Dictionary" library="BuiltIn">
<var>&amp;{usuario}</var>
<arg>email=${email}</arg>
<doc>Creates and returns a dictionary based on the given ``items``.</doc>
<msg timestamp="20220109 16:40:21.159" level="INFO">&amp;{usuario} = { email=victorpvom@gmail.com }</msg>
<status status="PASS" starttime="20220109 16:40:21.158" endtime="20220109 16:40:21.159"/>
</kw>
<kw name="POST" library="RequestsLibrary">
<var>${response}</var>
<arg>${API_URL}/accounts</arg>
<arg>json=${usuario}</arg>
<doc>Sends a POST request.</doc>
<msg timestamp="20220109 16:40:21.878" level="INFO">POST Request : url=http://marvel.qaninja.academy/accounts 
 path_url=/accounts 
 headers={'User-Agent': 'python-requests/2.27.0', 'Accept-Encoding': 'gzip, deflate', 'Accept': '*/*', 'Connection': 'keep-alive', 'Content-Length': '33', 'Content-Type': 'application/json'} 
 body=b'{"email": "victorpvom@gmail.com"}' 
 </msg>
<msg timestamp="20220109 16:40:21.878" level="INFO">POST Response : url=http://marvel.qaninja.academy/accounts 
 status=200, reason=OK 
 headers={'Server': 'Cowboy', 'Connection': 'keep-alive', 'X-Powered-By': 'Express', 'Access-Control-Allow-Origin': '*', 'Content-Type': 'application/json; charset=utf-8', 'Content-Length': '41', 'Etag': 'W/"29-tzFcSsWaDiZMNOrlSoG6W6t4WqE"', 'Date': 'Sun, 09 Jan 2022 19:40:20 GMT', 'Via': '1.1 vegur'} 
 body={"client_key":"61d4ce151eac8b001656b0ff"} 
 </msg>
<msg timestamp="20220109 16:40:21.879" level="INFO">${response} = &lt;Response [200]&gt;</msg>
<status status="PASS" starttime="20220109 16:40:21.159" endtime="20220109 16:40:21.879"/>
</kw>
<kw name="Set Variable" library="BuiltIn">
<var>${client_key}</var>
<arg>${response.json()}[client_key]</arg>
<doc>Returns the given values which can then be assigned to a variables.</doc>
<msg timestamp="20220109 16:40:21.880" level="INFO">${client_key} = 61d4ce151eac8b001656b0ff</msg>
<status status="PASS" starttime="20220109 16:40:21.879" endtime="20220109 16:40:21.880"/>
</kw>
<kw name="Create Dictionary" library="BuiltIn">
<var>&amp;{HEADERS}</var>
<arg>client_key=${client_key}</arg>
<doc>Creates and returns a dictionary based on the given ``items``.</doc>
<msg timestamp="20220109 16:40:21.880" level="INFO">&amp;{HEADERS} = { client_key=61d4ce151eac8b001656b0ff }</msg>
<status status="PASS" starttime="20220109 16:40:21.880" endtime="20220109 16:40:21.880"/>
</kw>
<kw name="Set Suite Variable" library="BuiltIn">
<arg>${HEADERS}</arg>
<doc>Makes a variable available everywhere within the scope of the current suite.</doc>
<msg timestamp="20220109 16:40:21.885" level="INFO">${HEADERS} = {'client_key': '61d4ce151eac8b001656b0ff'}</msg>
<status status="PASS" starttime="20220109 16:40:21.880" endtime="20220109 16:40:21.885"/>
</kw>
<status status="PASS" starttime="20220109 16:40:21.158" endtime="20220109 16:40:21.886"/>
</kw>
<kw name="Back To The Past" library="Base">
<kw name="DELETE" library="RequestsLibrary">
<arg>${API_URL}/delorean</arg>
<arg>headers=${HEADERS}</arg>
<doc>Sends a DELETE request.</doc>
<msg timestamp="20220109 16:40:22.123" level="INFO">DELETE Request : url=http://marvel.qaninja.academy/delorean 
 path_url=/delorean 
 headers={'User-Agent': 'python-requests/2.27.0', 'Accept-Encoding': 'gzip, deflate', 'Accept': '*/*', 'Connection': 'keep-alive', 'client_key': '61d4ce151eac8b001656b0ff', 'Content-Length': '0'} 
 body=None 
 </msg>
<msg timestamp="20220109 16:40:22.123" level="INFO">DELETE Response : url=http://marvel.qaninja.academy/delorean 
 status=200, reason=OK 
 headers={'Server': 'Cowboy', 'Connection': 'keep-alive', 'X-Powered-By': 'Express', 'Access-Control-Allow-Origin': '*', 'Content-Type': 'application/json; charset=utf-8', 'Content-Length': '31', 'Etag': 'W/"1f-ImqlboUfbv1n1FbEV48J/4RvhGg"', 'Date': 'Sun, 09 Jan 2022 19:40:20 GMT', 'Via': '1.1 vegur'} 
 body={"message":"Avengers Assemble"} 
 </msg>
<status status="PASS" starttime="20220109 16:40:21.887" endtime="20220109 16:40:22.123"/>
</kw>
<status status="PASS" starttime="20220109 16:40:21.886" endtime="20220109 16:40:22.124"/>
</kw>
<status status="PASS" starttime="20220109 16:40:21.158" endtime="20220109 16:40:22.124"/>
</kw>
<test id="s1-t1" name="Deve cadastrar um personagem">
<kw name="Factory Star Lord" library="Guardians">
<var>${personagem}</var>
<msg timestamp="20220109 16:40:22.127" level="INFO">${personagem} = {'name': 'Peter Quill', 'aliases': 'Star Lord', 'age': 30, 'team': 'Guardians of the Galaxy', 'active': True}</msg>
<status status="PASS" starttime="20220109 16:40:22.127" endtime="20220109 16:40:22.128"/>
</kw>
<kw name="POST New Character" library="Characters">
<var>${response}</var>
<arg>${personagem}</arg>
<kw name="POST" library="RequestsLibrary">
<var>${response}</var>
<arg>${API_URL}/characters</arg>
<arg>json=${payload}</arg>
<arg>headers=${HEADERS}</arg>
<arg>expected_status=any</arg>
<doc>Sends a POST request.</doc>
<msg timestamp="20220109 16:40:22.361" level="INFO">POST Request : url=http://marvel.qaninja.academy/characters 
 path_url=/characters 
 headers={'User-Agent': 'python-requests/2.27.0', 'Accept-Encoding': 'gzip, deflate', 'Accept': '*/*', 'Connection': 'keep-alive', 'client_key': '61d4ce151eac8b001656b0ff', 'Content-Length': '109', 'Content-Type': 'application/json'} 
 body=b'{"name": "Peter Quill", "aliases": "Star Lord", "age": 30, "team": "Guardians of the Galaxy", "active": true}' 
 </msg>
<msg timestamp="20220109 16:40:22.361" level="INFO">POST Response : url=http://marvel.qaninja.academy/characters 
 status=200, reason=OK 
 headers={'Server': 'Cowboy', 'Connection': 'keep-alive', 'X-Powered-By': 'Express', 'Access-Control-Allow-Origin': '*', 'Content-Type': 'application/json; charset=utf-8', 'Content-Length': '168', 'Etag': 'W/"a8-WIZtZed2pZh5OF7CkUySs9t3jVs"', 'Date': 'Sun, 09 Jan 2022 19:40:20 GMT', 'Via': '1.1 vegur'} 
 body={"_id":"61db3a24caa25d001640ff75","name":"Peter Quill","age":30,"aliases":"Star Lord","team":"Guardians of the Galaxy","active":true,"owner":"61d4ce151eac8b001656b0ff"} 
 </msg>
<msg timestamp="20220109 16:40:22.362" level="INFO">${response} = &lt;Response [200]&gt;</msg>
<status status="PASS" starttime="20220109 16:40:22.131" endtime="20220109 16:40:22.362"/>
</kw>
<msg timestamp="20220109 16:40:22.362" level="INFO">${response} = &lt;Response [200]&gt;</msg>
<status status="PASS" starttime="20220109 16:40:22.129" endtime="20220109 16:40:22.362"/>
</kw>
<kw name="Status Should Be" library="RequestsLibrary">
<arg>200</arg>
<arg>${response}</arg>
<doc>Fails if response status code is different than the expected.</doc>
<status status="PASS" starttime="20220109 16:40:22.364" endtime="20220109 16:40:22.364"/>
</kw>
<status status="PASS" starttime="20220109 16:40:22.124" endtime="20220109 16:40:22.365"/>
</test>
<test id="s1-t2" name="Não deve casdatrar com o mesmo nome">
<kw name="Factory Groot" library="Guardians">
<var>${personagem}</var>
<msg timestamp="20220109 16:40:22.371" level="INFO">${personagem} = {'name': 'Groot', 'aliases': 'Groot', 'age': 300, 'team': 'Guardians of the Galaxy', 'active': True}</msg>
<status status="PASS" starttime="20220109 16:40:22.370" endtime="20220109 16:40:22.371"/>
</kw>
<kw name="POST New Character" library="Characters">
<arg>${personagem}</arg>
<kw name="POST" library="RequestsLibrary">
<var>${response}</var>
<arg>${API_URL}/characters</arg>
<arg>json=${payload}</arg>
<arg>headers=${HEADERS}</arg>
<arg>expected_status=any</arg>
<doc>Sends a POST request.</doc>
<msg timestamp="20220109 16:40:22.703" level="INFO">POST Request : url=http://marvel.qaninja.academy/characters 
 path_url=/characters 
 headers={'User-Agent': 'python-requests/2.27.0', 'Accept-Encoding': 'gzip, deflate', 'Accept': '*/*', 'Connection': 'keep-alive', 'client_key': '61d4ce151eac8b001656b0ff', 'Content-Length': '100', 'Content-Type': 'application/json'} 
 body=b'{"name": "Groot", "aliases": "Groot", "age": 300, "team": "Guardians of the Galaxy", "active": true}' 
 </msg>
<msg timestamp="20220109 16:40:22.704" level="INFO">POST Response : url=http://marvel.qaninja.academy/characters 
 status=200, reason=OK 
 headers={'Server': 'Cowboy', 'Connection': 'keep-alive', 'X-Powered-By': 'Express', 'Access-Control-Allow-Origin': '*', 'Content-Type': 'application/json; charset=utf-8', 'Content-Length': '159', 'Etag': 'W/"9f-4wyNSg/sYH0r4MLlQn92zVrMb1E"', 'Date': 'Sun, 09 Jan 2022 19:40:20 GMT', 'Via': '1.1 vegur'} 
 body={"_id":"61db3a24caa25d001640ff79","name":"Groot","age":300,"aliases":"Groot","team":"Guardians of the Galaxy","active":true,"owner":"61d4ce151eac8b001656b0ff"} 
 </msg>
<msg timestamp="20220109 16:40:22.704" level="INFO">${response} = &lt;Response [200]&gt;</msg>
<status status="PASS" starttime="20220109 16:40:22.373" endtime="20220109 16:40:22.704"/>
</kw>
<status status="PASS" starttime="20220109 16:40:22.372" endtime="20220109 16:40:22.705"/>
</kw>
<kw name="POST New Character" library="Characters">
<var>${response}</var>
<arg>${personagem}</arg>
<kw name="POST" library="RequestsLibrary">
<var>${response}</var>
<arg>${API_URL}/characters</arg>
<arg>json=${payload}</arg>
<arg>headers=${HEADERS}</arg>
<arg>expected_status=any</arg>
<doc>Sends a POST request.</doc>
<msg timestamp="20220109 16:40:22.954" level="INFO">POST Request : url=http://marvel.qaninja.academy/characters 
 path_url=/characters 
 headers={'User-Agent': 'python-requests/2.27.0', 'Accept-Encoding': 'gzip, deflate', 'Accept': '*/*', 'Connection': 'keep-alive', 'client_key': '61d4ce151eac8b001656b0ff', 'Content-Length': '100', 'Content-Type': 'application/json'} 
 body=b'{"name": "Groot", "aliases": "Groot", "age": 300, "team": "Guardians of the Galaxy", "active": true}' 
 </msg>
<msg timestamp="20220109 16:40:22.955" level="INFO">POST Response : url=http://marvel.qaninja.academy/characters 
 status=409, reason=Conflict 
 headers={'Server': 'Cowboy', 'Connection': 'keep-alive', 'X-Powered-By': 'Express', 'Access-Control-Allow-Origin': '*', 'Content-Type': 'application/json; charset=utf-8', 'Content-Length': '39', 'Etag': 'W/"27-u8CjYCAAYHK/l+EQR0JyKi0LQGU"', 'Date': 'Sun, 09 Jan 2022 19:40:21 GMT', 'Via': '1.1 vegur'} 
 body={"error":"Character already exists :("} 
 </msg>
<msg timestamp="20220109 16:40:22.955" level="INFO">${response} = &lt;Response [409]&gt;</msg>
<status status="PASS" starttime="20220109 16:40:22.708" endtime="20220109 16:40:22.955"/>
</kw>
<msg timestamp="20220109 16:40:22.956" level="INFO">${response} = &lt;Response [409]&gt;</msg>
<status status="PASS" starttime="20220109 16:40:22.707" endtime="20220109 16:40:22.956"/>
</kw>
<kw name="Status Should Be" library="RequestsLibrary">
<arg>409</arg>
<arg>${response}</arg>
<doc>Fails if response status code is different than the expected.</doc>
<status status="PASS" starttime="20220109 16:40:22.958" endtime="20220109 16:40:22.958"/>
</kw>
<kw name="Should Be Equal" library="BuiltIn">
<arg>${response.json()}[error]</arg>
<arg>Character already exists :(</arg>
<doc>Fails if the given objects are unequal.</doc>
<status status="PASS" starttime="20220109 16:40:22.961" endtime="20220109 16:40:22.963"/>
</kw>
<tag>dup</tag>
<status status="PASS" starttime="20220109 16:40:22.369" endtime="20220109 16:40:22.964"/>
</test>
<doc>Suite de Teste do cadastro de personagens na API da Marvel</doc>
<status status="PASS" starttime="20220109 16:40:21.030" endtime="20220109 16:40:22.971"/>
</suite>
<statistics>
<total>
<stat pass="2" fail="0" skip="0">All Tests</stat>
</total>
<tag>
<stat pass="1" fail="0" skip="0">dup</stat>
</tag>
<suite>
<stat pass="2" fail="0" skip="0" id="s1" name="CreateCharacters">CreateCharacters</stat>
</suite>
</statistics>
<errors>
</errors>
</robot>
