<?xml version="1.0" encoding="UTF-8"?>
<robot generator="Robot 4.1.3 (Python 3.10.1 on win32)" generated="20220109 16:34:03.460" rpa="false" schemaversion="2">
<suite id="s1" name="CreateCharacters" source="C:\projects\Robot-Framework-API\specs\CreateCharacters.robot">
<kw name="Super Setup" type="SETUP">
<arg>victorpvom@gmail.com</arg>
<msg timestamp="20220109 16:34:03.493" level="FAIL">No keyword with name 'Super Setup' found.</msg>
<status status="FAIL" starttime="20220109 16:34:03.493" endtime="20220109 16:34:03.493"/>
</kw>
<test id="s1-t1" name="Deve cadastrar um personagem">
<status status="FAIL" starttime="20220109 16:34:03.493" endtime="20220109 16:34:03.494">Parent suite setup failed:
No keyword with name 'Super Setup' found.</status>
</test>
<test id="s1-t2" name="Não deve casdatrar com o mesmo nome">
<tag>dup</tag>
<status status="FAIL" starttime="20220109 16:34:03.496" endtime="20220109 16:34:03.496">Parent suite setup failed:
No keyword with name 'Super Setup' found.</status>
</test>
<doc>Suite de Teste do cadastro de personagens na API da Marvel</doc>
<status status="FAIL" starttime="20220109 16:34:03.461" endtime="20220109 16:34:03.499">Suite setup failed:
No keyword with name 'Super Setup' found.</status>
</suite>
<statistics>
<total>
<stat pass="0" fail="2" skip="0">All Tests</stat>
</total>
<tag>
<stat pass="0" fail="1" skip="0">dup</stat>
</tag>
<suite>
<stat pass="0" fail="2" skip="0" id="s1" name="CreateCharacters">CreateCharacters</stat>
</suite>
</statistics>
<errors>
<msg timestamp="20220109 16:34:03.481" level="ERROR">Error in file 'C:\projects\Robot-Framework-API\specs\CreateCharacters.robot' on line 4: Resource file 'C:\projects\Robot-Framework-API\specs\resources\Base.robot' does not exist.</msg>
<msg timestamp="20220109 16:34:03.488" level="ERROR">Error in file 'C:\projects\Robot-Framework-API\specs\CreateCharacters.robot' on line 5: Test library 'C:\projects\Robot-Framework-API\specs\resources\factories\Guardians.py' does not exist.</msg>
</errors>
</robot>
